1591664164585	mozrunner::runner	INFO	Running command: "C:\\Program Files\\Mozilla Firefox\\firefox.exe" "-marionette" "-foreground" "-no-remote" "-profile" "C:\\Users\\BRANDO~1\\AppData\\Local\\Temp\\rust_mozprofile94bS9Q"
JavaScript error: resource://gre/modules/XULStore.jsm, line 66: Error: Can't find profile directory.
1591664168293	Marionette	INFO	Listening on port 54734
1591664168744	Marionette	WARN	TLS certificate errors will be ignored for this session
JavaScript warning: https://d17ol771963kd3.cloudfront.net/assets/application-eaedf56af31eae588b646de20ff0466e.js, line 18899: unreachable code after return statement
console.error: "Store does not have a valid reducer. Make sure the argument passed to combineReducers is an object whose values are reducers."
1591664247532	mozrunner::runner	INFO	Running command: "C:\\Program Files\\Mozilla Firefox\\firefox.exe" "-marionette" "-foreground" "-no-remote" "-profile" "C:\\Users\\BRANDO~1\\AppData\\Local\\Temp\\rust_mozprofile6LujjF"
JavaScript error: resource://gre/modules/XULStore.jsm, line 66: Error: Can't find profile directory.
1591664251221	Marionette	INFO	Listening on port 54815
1591664251704	Marionette	WARN	TLS certificate errors will be ignored for this session
JavaScript warning: https://d17ol771963kd3.cloudfront.net/assets/application-eaedf56af31eae588b646de20ff0466e.js, line 18899: unreachable code after return statement
console.error: "Store does not have a valid reducer. Make sure the argument passed to combineReducers is an object whose values are reducers."
1591664287103	Marionette	INFO	Stopped listening on port 54815

###!!! [Child][RunMessage] Error: Channel closing: too late to send/recv, messages will be lost


###!!! [Child][MessageChannel::SendAndWait] Error: ChanneJavaScript error: resource://gre/modules/XULStore.jsm, line 66: Error: Can't find profile directory.
1591664289288	Marionette	INFO	Listening on port 54877
1591664289644	Marionette	WARN	TLS certificate errors will be ignored for this session
JavaScript warning: https://d17ol771963kd3.cloudfront.net/assets/application-eaedf56af31eae588b646de20ff0466e.js, line 18899: unreachable code after return statement
JavaScript warning: https://d17ol771963kd3.cloudfront.net/assets/application-eaedf56af31eae588b646de20ff0466e.js, line 18899: unreachable code after return statement
1591664303852	Marionette	INFO	Stopped listening on port 54877

###!!! [Child][RunMessage] Error: Channel closing: too late to send/recv, messages will be lost


###!!! [Child][MessageChannel::SendAndWait] Error: Channel error: cannot send/recv

1591664318352	mozrunner::runner	INFO	Running command: "C:\\Program Files\\Mozilla Firefox\\firefox.exe" "-marionette" "-foreground" "-no-remote" "-profile" "C:\\Users\\BRANDO~1\\AppData\\Local\\Temp\\rust_mozprofileoM2ZWB"
JavaScript error: resource://gre/modules/XULStore.jsm, line 66: Error: Can't find profile directory.
1591664321350	Marionette	INFO	Listening on port 54983
1591664321517	Marionette	WARN	TLS certificate errors will be ignored for this session
JavaScript warning: https://d17ol771963kd3.cloudfront.net/assets/application-eaedf56af31eae588b646de20ff0466e.js, line 18899: unreachable code after return statement
JavaScript warning: https://d17ol771963kd3.cloudfront.net/assets/application-eaedf56af31eae588b646de20ff0466e.js, line 18899: unreachable code after return statement
console.warn: LoginRecipes: "getRecipes: falling back to a synchronous message for:" "https://www.supremenewyork.com"
console.error: "Store does not have a valid reducer. Make sure the argument passed to combineReducers is an object whose values are reducers."
console.warn: LoginRecipes: "getRecipes: falling back to a synchronous message for:" "https://www.supremenewyork.com"
JavaScript error: , line 0: uncaught exception: Object
console.warn: LoginRecipes: "getRecipes: falling back to a synchronous message for:" "https://www.supremenewyork.com"
console.warn: LoginRecipes: "getRecipes: falling back to a synchronous message for:" "https://www.supremenewyork.com"
console.warn: LoginRecipes: "getRecipes: falling back to a synchronous message for:" "https://www.supremenewyork.com"
console.warn: LoginRecipes: "getRecipes: falling back to a synchronous message for:" "https://www.supremenewyork.com"
console.warn: LoginRecipes: "getRecipes: falling back to a synchronous message for:" "https://www.supremenewyork.com"
1591665011671	Marionette	INFO	Stopped listening on port 54983

###!!! [Child][RunMessage] Error: Channel closing: too late to send/recv, messages will be lost


###!!! [Child][MessageChannel::SendAndWait] Error: ChanneJavaScript error: resource://gre/modules/XULStore.jsm, line 66: Error: Can't find profile directory.
1591665014179	Marionette	INFO	Listening on port 55167
1591665014580	Marionette	WARN	TLS certificate errors will be ignored for this session
JavaScript warning: https://d17ol771963kd3.cloudfront.net/assets/application-eaedf56af31eae588b646de20ff0466e.js, line 18899: unreachable code after return statement
JavaScript warning: https://d17ol771963kd3.cloudfront.net/assets/application-eaedf56af31eae588b646de20ff0466e.js, line 18899: unreachable code after return statement
JavaScript error: https://supreme-images.s3.amazonaws.com/us-zipcodes/1095.js?callback=w, line 1: TypeError: w is not a function
1591665036213	Marionette	INFO	Stopped listening on port 55167

###!!! [Child][RunMessage] Error: Channel closing: too late to send/recv, messages will be lost


###!!! [Child][MessageChannel::SendAndWait] Error: Channel error: cannot send/recv

gre/modules/XULStore.jsm, line 66: Error: Can't find profile directory.
1591665037516	Marionette	INFO	Listening on port 55236
1591665037560	Marionette	WARN	TLS certificate errors will be ignored for this session
JavaScript warning: https://d17ol771963kd3.cloudfront.net/assets/application-eaedf56af31eae588b646de20ff0466e.js, line 18899: unreachable code after return statement
JavaScript warning: https://d17ol771963kd3.cloudfront.net/assets/application-eaedf56af31eae588b646de20ff0466e.js, line 18899: unreachable code after return statement
JavaScript error: https://supreme-images.s3.amazonaws.com/us-zipcodes/1095.js?callback=w, line 1: TypeError: w is not a function
1591665056180	Marionette	INFO	Stopped listening on port 55236

###!!! [Child][RunMessage] Error: Channel closing: too late to send/recv, messages will be lost


###!!! [Child][MessageChannel::SendAndWait] Error: Channel error: cannot send/recv

1591665177439	mozrunner::runner	INFO	Running command: "C:\\Program Files\\Mozilla Firefox\\firefox.exe" "-marionette" "-foreground" "-no-remote" "-profile" "C:\\Users\\BRANDO~1\\AppData\\Local\\Temp\\rust_mozprofileBkp4dp"
JavaScript error: resource://gre/modules/XULStore.jsm, line 66: Error: Can't find profile directory.
1591665181074	Marionette	INFO	Listening on port 55310
1591665181107	Marionette	WARN	TLS certificate errors will be ignored for this session
JavaScript warning: https://d17ol771963kd3.cloudfront.net/assets/application-eaedf56af31eae588b646de20ff0466e.js, line 18899: unreachable code after return statement
JavaScript warning: https://d17ol771963kd3.cloudfront.net/assets/application-eaedf56af31eae588b646de20ff0466e.js, line 18899: unreachable code after return statement
JavaScript error: https://supreme-images.s3.amazonaws.com/us-zipcodes/1095.js?callback=w, line 1: TypeError: w is not a function
1591665203185	mozrunner::runner	INFO	Running command: "C:\\Program Files\\Mozilla Firefox\\firefox.exe" "-marionette" "-foreground" "-no-remote" "-profile" "C:\\Users\\BRANDO~1\\AppData\\Local\\Temp\\rust_mozprofileWeGmo4"
JavaScript error: resource://gre/modules/XULStore.jsm, line 66: Error: Can't find profile directory.
1591665206823	Marionette	INFO	Listening on port 55373
1591665206846	Marionette	WARN	TLS certificate errors will be ignored for this session
JavaScript warning: https://d17ol771963kd3.cloudfront.net/assets/application-eaedf56af31eae588b646de20ff0466e.js, line 18899: unreachable code after return statement
JavaScript warning: https://d17ol771963kd3.cloudfront.net/assets/application-eaedf56af31eae588b646de20ff0466e.js, line 18899: unreachable code after return statement
JavaScript error: https://supreme-images.s3.amazonaws.com/us-zipcodes/1095.js?callback=w, line 1: TypeError: w is not a function
1591665224471	Marionette	INFO	Stopped listening on port 55373

###!!! [Child][RunMessage] Error: Channel closing: too late to send/recv, messages will be lost


###!!! [Child][MessageChannel::SendAndWait] Error: Channel error: cannot send/recv

gre/modules/XULStore.jsm, line 66: Error: Can't find profile directory.
1591665224799	Marionette	INFO	Listening on port 55434
1591665224938	Marionette	WARN	TLS certificate errors will be ignored for this session
JavaScript warning: https://d17ol771963kd3.cloudfront.net/assets/application-eaedf56af31eae588b646de20ff0466e.js, line 18899: unreachable code after return statement
JavaScript warning: https://d17ol771963kd3.cloudfront.net/assets/application-eaedf56af31eae588b646de20ff0466e.js, line 18899: unreachable code after return statement
JavaScript error: https://supreme-images.s3.amazonaws.com/us-zipcodes/1095.js?callback=w, line 1: TypeError: w is not a function
1591665243105	Marionette	INFO	Stopped listening on port 55434

###!!! [Child][RunMessage] Error: Channel closing: too late to send/recv, messages will be lost


###!!! [Child][MessageChannel::SendAndWait] Error: Channel error: cannot send/recv

1591665273800	mozrunner::runner	INFO	Running command: "C:\\Program Files\\Mozilla Firefox\\firefox.exe" "-marionette" "-foreground" "-no-remote" "-profile" "C:\\Users\\BRANDO~1\\AppData\\Local\\Temp\\rust_mozprofileuUgA2b"
JavaScript error: resource://gre/modules/XULStore.jsm, line 66: Error: Can't find profile directory.
1591665277176	Marionette	INFO	Listening on port 55506
1591665277479	Marionette	WARN	TLS certificate errors will be ignored for this session
JavaScript warning: https://d17ol771963kd3.cloudfront.net/assets/application-eaedf56af31eae588b646de20ff0466e.js, line 18899: unreachable code after return statement
JavaScript warning: https://d17ol771963kd3.cloudfront.net/assets/application-eaedf56af31eae588b646de20ff0466e.js, line 18899: unreachable code after return statement
JavaScript error: https://supreme-images.s3.amazonaws.com/us-zipcodes/1095.js?callback=w, line 1: TypeError: w is not a function
console.warn: LoginRecipes: "getRecipes: falling back to a synchronous message for:" "https://www.supremenewyork.com"
console.error: "Store does not have a valid reducer. Make sure the argument passed to combineReducers is an object whose values are reducers."
console.error: "Could not write session state file " (new Error("", "(unknown module)")) ""
1591665430843	Marionette	INFO	Stopped listening on port 55506

###!!! [Child][MessageChannel::SendAndWait] Error: Channel error: cannot send/recv

ile" "C:\\Users\\BRANDO~1\\AppData\\Local\\Temp\\rust_mozprofile6F5dAT"
JavaScript error: resource://gre/modules/XULStore.jsm, line 66: Error: Can't find profile directory.
1591665428413	Marionette	INFO	Listening on port 55592
1591665428626	Marionette	WARN	TLS certificate errors will be ignored for this session
JavaScript warning: https://d17ol771963kd3.cloudfront.net/assets/application-eaedf56af31eae588b646de20ff0466e.js, line 18899: unreachable code after return statement
JavaScript warning: https://d17ol771963kd3.cloudfront.net/assets/application-eaedf56af31eae588b646de20ff0466e.js, line 18899: unreachable code after return statement
JavaScript error: https://supreme-images.s3.amazonaws.com/us-zipcodes/1095.js?callback=w, line 1: TypeError: w is not a function
1591665443909	Marionette	INFO	Stopped listening on port 55592

###!!! [Child][RunMessage] Error: Channel closing: too late to send/recv, messages will be lost


###!!! [Child][MessageChannel::SendAndWait] Error: Channel error: cannot send/recv

1591665567378	mozrunner::runner	INFO	Running command: "C:\\Program Files\\Mozilla Firefox\\firefox.exe" "-marionette" "-foreground" "-no-remote" "-profile" "C:\\Users\\BRANDO~1\\AppData\\Local\\Temp\\rust_mozprofileBJYnUM"
JavaScript error: resource://gre/modules/XULStore.jsm, line 66: Error: Can't find profile directory.
1591665570744	Marionette	INFO	Listening on port 55674
1591665571051	Marionette	WARN	TLS certificate errors will be ignored for this session
JavaScript warning: https://d17ol771963kd3.cloudfront.net/assets/application-eaedf56af31eae588b646de20ff0466e.js, line 18899: unreachable code after return statement
1591665587243	Marionette	INFO	Stopped listening on port 55674

###!!! [Child][RunMessage] Error: Channel closing: too late to send/recv, messages will be lost


###!!! [Child][MessageChannel::SendAndWait] Error: Channel error: cannot send/recv

1591665593123	mozrunner::runner	INFO	Running command: "C:\\Program Files\\Mozilla Firefox\\firefox.exe" "-marionette" "-foreground" "-no-remote" "-profile" "C:\\Users\\BRANDO~1\\AppData\\Local\\Temp\\rust_mozprofileWgqwsJ"
JavaScript error: resource://gre/modules/XULStore.jsm, line 66: Error: Can't find profile directory.
1591665596373	Marionette	INFO	Listening on port 55735
1591665596794	Marionette	WARN	TLS certificate errors will be ignored for this session
JavaScript warning: https://d17ol771963kd3.cloudfront.net/assets/application-eaedf56af31eae588b646de20ff0466e.js, line 18899: unreachable code after return statement
JavaScript warning: https://d17ol771963kd3.cloudfront.net/assets/application-eaedf56af31eae588b646de20ff0466e.js, line 18899: unreachable code after return statement
JavaScript error: https://supreme-images.s3.amazonaws.com/us-zipcodes/1095.js?callback=w, line 1: TypeError: w is not a function
console.error: "Could not write session state file " (new Error("", "(unknown module)")) ""
console.error: "Store does not have a valid reducer. Make sure the argument passed to combineReducers is an object whose values are reducers."
console.warn: LoginRecipes: "getRecipes: falling back to a synchronous message for:" "https://www.supremenewyork.com"
1591665809571	Marionette	INFO	Stopped listening on port 55735

###!!! [Child][RunMessage] Error: Channel closing: too late to send/recv, messages will be lost


###!!! [Child][MessageChannel::SendAndWait] Error: ChanneJavaScript error: resource://gre/modules/XULStore.jsm, line 66: Error: Can't find profile directory.
1591665812740	Marionette	INFO	Listening on port 55833
1591665812794	Marionette	WARN	TLS certificate errors will be ignored for this session
JavaScript warning: https://d17ol771963kd3.cloudfront.net/assets/application-eaedf56af31eae588b646de20ff0466e.js, line 18899: unreachable code after return statement
JavaScript warning: https://d17ol771963kd3.cloudfront.net/assets/application-eaedf56af31eae588b646de20ff0466e.js, line 18899: unreachable code after return statement
JavaScript error: https://supreme-images.s3.amazonaws.com/us-zipcodes/1095.js?callback=w, line 1: TypeError: w is not a function
1591665830250	Marionette	INFO	Stopped listening on port 55833

###!!! [Child][RunMessage] Error: Channel closing: too late to send/recv, messages will be lost


###!!! [Child][MessageChannel::SendAndWait] Error: Channel error: cannot send/recv

1591665848968	mozrunner::runner	INFO	Running command: "C:\\Program Files\\Mozilla Firefox\\firefox.exe" "-marionette" "-foreground" "-no-remote" "-profile" "C:\\Users\\BRANDO~1\\AppData\\Local\\Temp\\rust_mozprofile5bYaiF"
JavaScript error: resource://gre/modules/XULStore.jsm, line 66: Error: Can't find profile directory.
1591665852503	Marionette	INFO	Listening on port 55904
1591665852635	Marionette	WARN	TLS certificate errors will be ignored for this session
JavaScript warning: https://d17ol771963kd3.cloudfront.net/assets/application-eaedf56af31eae588b646de20ff0466e.js, line 18899: unreachable code after return statement
JavaScript warning: https://d17ol771963kd3.cloudfront.net/assets/application-eaedf56af31eae588b646de20ff0466e.js, line 18899: unreachable code after return statement
JavaScript error: https://supreme-images.s3.amazonaws.com/us-zipcodes/1095.js?callback=w, line 1: TypeError: w is not a function
console.warn: LoginRecipes: "getRecipes: falling back to a synchronous message for:" "https://www.supremenewyork.com"
console.error: "Store does not have a valid reducer. Make sure the argument passed to combineReducers is an object whose values are reducers."
1591665922457	Marionette	INFO	Stopped listening on port 55904

###!!! [Child][RunMessage] Error: Channel closing: too late to send/recv, messages will be lost


###!!! [Child][MessageChannel::SendAndWait] Error: ChanneJavaScript error: resource://gre/modules/XULStore.jsm, line 66: Error: Can't find profile directory.
1591665925119	Marionette	INFO	Listening on port 55976
1591665925332	Marionette	WARN	TLS certificate errors will be ignored for this session
JavaScript warning: https://d17ol771963kd3.cloudfront.net/assets/application-eaedf56af31eae588b646de20ff0466e.js, line 18899: unreachable code after return statement
JavaScript warning: https://d17ol771963kd3.cloudfront.net/assets/application-eaedf56af31eae588b646de20ff0466e.js, line 18899: unreachable code after return statement
JavaScript error: https://supreme-images.s3.amazonaws.com/us-zipcodes/1095.js?callback=w, line 1: TypeError: w is not a function
console.error: "Could not write session state file " (new Error("", "(unknown module)")) ""
console.error: "Store does not have a valid reducer. Make sure the argument passed to combineReducers is an object whose values are reducers."
1591666195770	Marionette	INFO	Stopped listening on port 55976

###!!! [Child][RunMessage] Error: Channel closing: too late to send/recv, messages will be lost


###!!! [Child][MessageChannel::SendAndWait] Error: Channel error: cannot send/recv

rionette	WARN	TLS certificate errors will be ignored for this session
JavaScript warning: https://d17ol771963kd3.cloudfront.net/assets/application-eaedf56af31eae588b646de20ff0466e.js, line 18899: unreachable code after return statement
JavaScript warning: https://d17ol771963kd3.cloudfront.net/assets/application-eaedf56af31eae588b646de20ff0466e.js, line 18899: unreachable code after return statement
JavaScript error: https://supreme-images.s3.amazonaws.com/us-zipcodes/1095.js?callback=w, line 1: TypeError: w is not a function
1591666068642	Marionette	INFO	Stopped listening on port 56041

###!!! [Child][RunMessage] Error: Channel closing: too late to send/recv, messages will be lost


###!!! [Child][MessageChannel::SendAndWait] Error: Channel error: cannot send/recv

1591666192409	mozrunner::runner	INFO	Running command: "C:\\Program Files\\Mozilla Firefox\\firefox.exe" "-marionette" "-foreground" "-no-remote" "-profile" "C:\\Users\\BRANDO~1\\AppData\\Local\\Temp\\rust_mozprofileYXlVgG"
JavaScript error: resource://gre/modules/XULStore.jsm, line 66: Error: Can't find profile directory.
1591666196528	Marionette	INFO	Listening on port 56143
1591666196577	Marionette	WARN	TLS certificate errors will be ignored for this session
JavaScript warning: https://d17ol771963kd3.cloudfront.net/assets/application-eaedf56af31eae588b646de20ff0466e.js, line 18899: unreachable code after return statement
JavaScript warning: https://d17ol771963kd3.cloudfront.net/assets/application-eaedf56af31eae588b646de20ff0466e.js, line 18899: unreachable code after return statement
JavaScript error: https://supreme-images.s3.amazonaws.com/us-zipcodes/1095.js?callback=w, line 1: TypeError: w is not a function
console.error: "Could not write session state file " (new Error("", "(unknown module)")) ""
console.error: "Store does not have a valid reducer. Make sure the argument passed to combineReducers is an object whose values are reducers."
1591666282933	Marionette	INFO	Stopped listening on port 56143

###!!! [Child][RunMessage] Error: Channel closing: too late to send/recv, messages will be lost


###!!! [Child][MessageChannel::SendAndWait] Error: Channel error: cannot send/recv

gre/modules/XULStore.jsm, line 66: Error: Can't find profile directory.
1591666282619	Marionette	INFO	Listening on port 56217
1591666282827	Marionette	WARN	TLS certificate errors will be ignored for this session
JavaScript warning: https://d17ol771963kd3.cloudfront.net/assets/application-eaedf56af31eae588b646de20ff0466e.js, line 18899: unreachable code after return statement
JavaScript warning: https://d17ol771963kd3.cloudfront.net/assets/application-eaedf56af31eae588b646de20ff0466e.js, line 18899: unreachable code after return statement
JavaScript error: https://supreme-images.s3.amazonaws.com/us-zipcodes/1095.js?callback=w, line 1: TypeError: w is not a function
JavaScript warning: https://d17ol771963kd3.cloudfront.net/assets/application-eaedf56af31eae588b646de20ff0466e.js, line 18899: unreachable code after return statement
JavaScript warning: https://d17ol771963kd3.cloudfront.net/assets/application-eaedf56af31eae588b646de20ff0466e.js, line 18899: unreachable code after return statement
1591666321911	Marionette	INFO	Stopped listening on port 56217

###!!! [Child][RunMessage] Error: Channel closing: too late to send/recv, messages will be lost


###!!! [Child][MessageChannel::SendAndWait] Error: Channel error: cannot send/recv

1591666332073	mozrunner::runner	INFO	Running command: "C:\\Program Files\\Mozilla Firefox\\firefox.exe" "-marionette" "-foreground" "-no-remote" "-profile" "C:\\Users\\BRANDO~1\\AppData\\Local\\Temp\\rust_mozprofileUkhqO7"
JavaScript error: resource://gre/modules/XULStore.jsm, line 66: Error: Can't find profile directory.
1591666335815	Marionette	INFO	Listening on port 56298
1591666336255	Marionette	WARN	TLS certificate errors will be ignored for this session
JavaScript warning: https://d17ol771963kd3.cloudfront.net/assets/application-eaedf56af31eae588b646de20ff0466e.js, line 18899: unreachable code after return statement
JavaScript warning: https://d17ol771963kd3.cloudfront.net/assets/application-eaedf56af31eae588b646de20ff0466e.js, line 18899: unreachable code after return statement
JavaScript error: https://supreme-images.s3.amazonaws.com/us-zipcodes/1095.js?callback=w, line 1: TypeError: w is not a function
1591666353779	Marionette	INFO	Stopped listening on port 56298

###!!! [Child][RunMessage] Error: Channel closing: too late to send/recv, messages will be lost


###!!! [Child][MessageChannel::SendAndWait] Error: Channel error: cannot send/recv

1591656762235	mozrunner::runner	INFO	Running command: "C:\\Program Files\\Mozilla Firefox\\firefox.exe" "-marionette" "-foreground" "-no-remote" "-profile" "C:\\Users\\BRANDO~1\\AppData\\Local\\Temp\\rust_mozprofileNXojCn"
JavaScript error: resource://gre/modules/XULStore.jsm, line 66: Error: Can't find profile directory.
1591656766081	Marionette	INFO	Listening on port 56753
1591656766430	Marionette	WARN	TLS certificate errors will be ignored for this session
1591656797661	mozrunner::runner	INFO	Running command: "C:\\Program Files\\Mozilla Firefox\\fi1591656808682	Marionette	INFO	Stopped listening on port 56753

###!!! [Child][RunMessage] Error: Channel closing: too late to send/recv, messages will be lost


###!!! [Child][MessageChannel::SendAndWait] Error: Channel error: cannot send/recv

ette	INFO	Listening on port 56803
1591656800894	Marionette	WARN	TLS certificate errors will be ignored for this session
console.error: "Could not write session state file " (new Error("", "(unknown module)")) ""
IPDL protocol error: Handler returned error code!

###!!! [Parent][DispatchAsyncMessage] Error: PImageBridge::Msg_Update Processing error: message was deserialized, but the handler returned false (indicating failure)

1591656833735	Marionette	INFO	Stopped listening on port 56803

###!!! [Child][RunMessage] Error: Channel closing: too late to send/recv, messages will be lost


###!!! [Child][MessageChannel::SendAndWait] Error: Channel error: cannot send/recv

1591657191320	mozrunner::runner	INFO	Running command: "C:\\Program Files\\Mozilla Firefox\\firefox.exe" "-marionette" "-foreground" "-no-remote" "-profile" "C:\\Users\\BRANDO~1\\AppData\\Local\\Temp\\rust_mozprofileWDkIf0"
JavaScript error: resource://gre/modules/XULStore.jsm, line 66: Error: Can't find profile directory.
1591657194493	Marionette	INFO	Listening on port 56993
1591657194517	Marionette	WARN	TLS certificate errors will be ignored for this session
JavaScript warning: https://d17ol771963kd3.cloudfront.net/assets/application-eaedf56af31eae588b646de20ff0466e.js, line 18899: unreachable code after return statement
JavaScript warning: https://d17ol771963kd3.cloudfront.net/assets/application-eaedf56af31eae588b646de20ff0466e.js, line 18899: unreachable code after return statement
JavaScript error: https://supreme-images.s3.amazonaws.com/us-zipcodes/1095.js?callback=w, line 1: TypeError: w is not a function
[Parent 4340, Gecko_IOThread] WARNING: file /builds/worker/checkouts/gecko/ipc/chromium/src/base/process_util_win.cc, line 166
1591657212873	Marionette	INFO	Stopped listening on port 56993

###!!! [Child][RunMessage] Error: Channel closing: too late to send/recv, messages will be lost


###!!! [Child][MessageChannel::SendAndWait] Error: Channel error: cannot send/recv

